<?xml version="1.0" encoding="UTF-8"?>
<!-- Generated by org.testng.reporters.JUnitReportReporter -->
<testsuite hostname="DESKTOP-AMAV84R" failures="0" tests="1" name="testscript.Fileupload" time="15.799" errors="0" timestamp="2025-05-20T21:00:06 IST" skipped="0">
  <testcase classname="testscript.Fileupload" name="fileUploadUsingSendKeys" time="15.799"/>
</testsuite> <!-- testscript.Fileupload -->
