<?xml version="1.0" encoding="UTF-8"?>
<!-- Generated by org.testng.reporters.JUnitReportReporter -->
<testsuite hostname="DESKTOP-AMAV84R" failures="0" tests="1" name="testscript.Javascripttrial" time="8.205" errors="0" timestamp="2025-05-07T11:28:09 IST" skipped="0">
  <testcase classname="testscript.Javascripttrial" name="inputForm" time="8.205"/>
</testsuite> <!-- testscript.Javascripttrial -->
