<?xml version="1.0" encoding="UTF-8"?>
<!-- Generated by org.testng.reporters.JUnitReportReporter -->
<testsuite hostname="DESKTOP-AMAV84R" failures="0" tests="3" name="testscript.Testsample" time="19.252" errors="0" timestamp="2025-05-20T20:55:54 IST" skipped="0">
  <testcase classname="testscript.Testsample" name="show" time="7.032"/>
  <testcase classname="testscript.Testsample" name="read" time="6.390"/>
  <testcase classname="testscript.Testsample" name="display" time="5.830"/>
</testsuite> <!-- testscript.Testsample -->
