<?xml version="1.0" encoding="UTF-8"?>
<!-- Generated by org.testng.reporters.JUnitReportReporter -->
<testsuite hostname="DESKTOP-AMAV84R" failures="0" tests="1" name="testscript.JavaScriptExecutor" time="9.839" errors="0" timestamp="2025-05-08T16:22:36 IST" skipped="0">
  <testcase classname="testscript.JavaScriptExecutor" name="inputForm" time="9.839"/>
</testsuite> <!-- testscript.JavaScriptExecutor -->
